
INFO 2020-11-28 17:27:49,034 views kiillofs2пытался войти в аккаунт
INFO 2020-11-28 17:37:17,108 views password_session:555
INFO 2020-11-28 18:09:05,272 views password_session:333
INFO 2020-11-28 18:11:26,207 views password_session:333
INFO 2020-11-28 18:11:31,558 views password_session:555
INFO 2020-11-28 18:19:00,339 views password_session:555
INFO 2020-11-28 18:21:24,887 views password_session:7574
INFO 2020-11-29 16:47:34,846 views password_session:7574
INFO 2020-11-29 16:58:58,662 views password_session:333
INFO 2020-11-29 17:12:27,069 views password_session:333
INFO 2020-11-29 17:24:10,306 views password_session:555
INFO 2020-11-29 17:54:56,840 views password_session:555
INFO 2020-11-29 17:56:04,950 views password_session:333
INFO 2020-11-29 17:56:05,046 views 63a6eee8ed034a2d
INFO 2020-11-29 17:56:14,065 views 63a6eee8ed034a2d
INFO 2020-11-29 18:00:04,960 views password_session:555
INFO 2020-11-29 18:00:05,040 views 63a6eee8ed034a2d
INFO 2020-11-29 18:07:25,455 views 63a6eee8ed034a2d
INFO 2020-11-29 18:09:05,112 views 63a6eee8ed034a2d
INFO 2020-11-29 18:09:37,962 views 63a6eee8ed034a2d
INFO 2020-11-29 18:09:38,096 views 63a6eee8ed034a2d63a6eee8ed034a2d
INFO 2020-11-29 18:16:05,442 views 63a6eee8ed034a2d
INFO 2020-11-29 18:16:05,546 views True
INFO 2020-11-29 18:17:04,382 views 63a6eee8ed034a2d
INFO 2020-11-29 18:17:04,522 views True 803797
INFO 2020-11-29 18:17:38,030 views 63a6eee8ed034a2d
INFO 2020-11-29 18:17:38,092 views True 803797
INFO 2020-11-29 18:17:39,821 views 63a6eee8ed034a2d
INFO 2020-11-29 18:17:39,883 views True 803797
INFO 2020-11-29 18:20:16,366 views 63a6eee8ed034a2d
INFO 2020-11-29 18:20:16,426 views True 803797
INFO 2020-11-29 18:20:33,573 views 63a6eee8ed034a2d
INFO 2020-11-29 18:20:33,636 views True 803797
INFO 2020-11-29 18:20:41,614 views 63a6eee8ed034a2d
INFO 2020-11-29 18:20:41,679 views True 803797
INFO 2020-11-29 18:25:54,774 views 63a6eee8ed034a2d
INFO 2020-11-29 18:25:54,883 views True 803797
INFO 2020-11-29 18:26:02,660 views 63a6eee8ed034a2d
INFO 2020-11-29 18:26:02,725 views True 803797
INFO 2020-11-29 18:26:21,633 views 63a6eee8ed034a2d
INFO 2020-11-29 18:26:21,764 views True 803797
INFO 2020-11-29 18:27:11,506 views 63a6eee8ed034a2d
INFO 2020-11-29 18:27:11,630 views True 803797
INFO 2020-11-29 18:27:23,477 views 63a6eee8ed034a2d
INFO 2020-11-29 18:27:23,615 views True 803797
INFO 2020-11-29 18:27:44,721 views AnonymousUser
INFO 2020-11-29 18:48:44,613 views AnonymousUser
INFO 2020-11-29 19:17:55,334 views AnonymousUser
INFO 2020-11-29 19:17:55,511 views False 803797
INFO 2020-11-29 19:18:20,812 views AnonymousUser
INFO 2020-11-29 19:18:20,876 views False 803797
INFO 2020-11-29 19:18:26,095 views 63a6eee8ed034a2d
INFO 2020-11-29 19:18:26,205 views True 803797
INFO 2020-11-29 19:28:32,824 views AnonymousUser
INFO 2020-11-29 19:28:32,886 views False 803797
INFO 2020-11-29 19:28:34,017 views AnonymousUser
INFO 2020-11-29 19:28:34,078 views False 803797
INFO 2020-11-29 19:29:10,419 views AnonymousUser
INFO 2020-11-29 19:29:10,486 views False 803797
INFO 2020-11-29 19:29:11,258 views AnonymousUser
INFO 2020-11-29 19:29:11,317 views False 803797
INFO 2020-11-29 19:29:11,540 views AnonymousUser
INFO 2020-11-29 19:29:11,613 views False 803797
INFO 2020-11-29 19:29:11,739 views AnonymousUser
INFO 2020-11-29 19:29:11,808 views False 803797
INFO 2020-11-29 19:29:11,929 views AnonymousUser
INFO 2020-11-29 19:29:11,989 views False 803797
INFO 2020-11-29 19:29:12,090 views AnonymousUser
INFO 2020-11-29 19:29:12,159 views False 803797
INFO 2020-11-29 19:29:12,280 views AnonymousUser
INFO 2020-11-29 19:29:12,348 views False 803797
INFO 2020-11-29 19:29:48,113 views AnonymousUser
INFO 2020-11-29 19:29:48,182 views False 803797
INFO 2020-11-29 19:31:26,683 views AnonymousUser
INFO 2020-11-29 19:31:26,745 views False 803797
INFO 2020-11-29 19:32:12,530 views AnonymousUser
INFO 2020-11-29 19:32:12,594 views False 803797
INFO 2020-11-29 19:32:13,131 views AnonymousUser
INFO 2020-11-29 19:32:13,199 views False 803797
INFO 2020-11-29 19:32:13,313 views AnonymousUser
INFO 2020-11-29 19:32:13,378 views False 803797
INFO 2020-11-29 19:32:30,947 views AnonymousUser
INFO 2020-11-29 19:32:31,018 views False 803797
INFO 2020-11-29 19:32:32,049 views AnonymousUser
INFO 2020-11-29 19:32:32,111 views False 803797
INFO 2020-11-29 19:32:39,143 views AnonymousUser
INFO 2020-11-29 19:32:39,205 views False 803797
INFO 2020-11-29 19:33:02,994 views AnonymousUser
INFO 2020-11-29 19:33:03,062 views False 803797
INFO 2020-11-29 19:33:56,356 views AnonymousUser
INFO 2020-11-29 19:33:56,419 views False 803797
INFO 2020-11-29 19:35:33,154 views AnonymousUser
INFO 2020-11-29 19:35:33,219 views False 803797
INFO 2020-11-29 19:36:02,826 views AnonymousUser
INFO 2020-11-29 19:36:02,893 views False 803797
INFO 2020-11-29 19:36:11,017 views AnonymousUser
INFO 2020-11-29 19:36:11,077 views False 803797
INFO 2020-11-29 19:36:11,545 views AnonymousUser
INFO 2020-11-29 19:36:11,609 views False 803797
INFO 2020-11-29 19:36:11,736 views AnonymousUser
INFO 2020-11-29 19:36:11,902 views False 803797
INFO 2020-11-29 19:36:22,721 views AnonymousUser
INFO 2020-11-29 19:36:22,787 views False 803797
INFO 2020-11-29 19:37:37,858 views AnonymousUser
INFO 2020-11-29 19:37:37,919 views False 803797
INFO 2020-11-29 19:37:47,018 views AnonymousUser
INFO 2020-11-29 19:37:47,083 views False 803797
INFO 2020-11-29 19:38:55,611 views AnonymousUser
INFO 2020-11-29 19:38:55,674 views False 803797
INFO 2020-11-29 19:39:09,265 views AnonymousUser
INFO 2020-11-29 19:39:09,326 views False 803797
INFO 2020-11-29 19:39:14,865 views AnonymousUser
INFO 2020-11-29 19:39:14,927 views False 803797
INFO 2020-11-29 19:39:16,097 views AnonymousUser
INFO 2020-11-29 19:39:16,160 views False 803797
INFO 2020-11-29 19:39:16,520 views AnonymousUser
INFO 2020-11-29 19:39:16,587 views False 803797
INFO 2020-11-29 19:39:21,812 views 63a6eee8ed034a2d
INFO 2020-11-29 19:39:21,872 views True 803797
INFO 2020-11-29 19:39:22,123 views 63a6eee8ed034a2d
INFO 2020-11-29 19:39:22,190 views True 803797
INFO 2020-11-29 19:39:23,370 views 63a6eee8ed034a2d
INFO 2020-11-29 19:39:23,434 views True 803797
INFO 2020-11-29 19:40:52,459 views 63a6eee8ed034a2d
INFO 2020-11-29 19:40:52,529 views True 803797
INFO 2020-11-29 19:40:59,066 views 63a6eee8ed034a2d
INFO 2020-11-29 19:40:59,137 views True 803797
INFO 2020-11-29 20:16:27,165 views 63a6eee8ed034a2d
INFO 2020-11-29 20:16:27,287 views True 803797
INFO 2020-11-29 20:17:18,270 views password_session:555
INFO 2020-11-29 20:17:18,357 views 63a6eee8ed034a2d
INFO 2020-11-29 20:17:18,419 views True 803797
INFO 2020-11-29 20:19:24,826 views AnonymousUser
INFO 2020-11-29 20:19:24,894 views False 803797
INFO 2020-11-29 20:19:47,639 views 63a6eee8ed034a2d
INFO 2020-11-29 20:19:47,752 views True 803797
INFO 2020-11-29 20:19:54,931 views AnonymousUser
INFO 2020-11-29 20:19:55,100 views False 803797
INFO 2020-11-29 20:19:55,668 views AnonymousUser
INFO 2020-11-29 20:19:55,730 views False 803797
INFO 2020-11-29 20:19:56,131 views AnonymousUser
INFO 2020-11-29 20:19:56,193 views False 803797
INFO 2020-11-29 20:19:56,468 views AnonymousUser
INFO 2020-11-29 20:19:56,531 views False 803797
INFO 2020-11-29 20:19:56,707 views AnonymousUser
INFO 2020-11-29 20:19:56,770 views False 803797
INFO 2020-11-29 20:19:57,093 views AnonymousUser
INFO 2020-11-29 20:19:57,155 views False 803797
INFO 2020-11-29 20:19:57,387 views AnonymousUser
INFO 2020-11-29 20:19:57,452 views False 803797
INFO 2020-11-29 20:19:57,827 views AnonymousUser
INFO 2020-11-29 20:19:57,890 views False 803797
INFO 2020-11-29 20:19:58,139 views AnonymousUser
INFO 2020-11-29 20:19:58,200 views False 803797
INFO 2020-11-29 20:24:20,706 views 63a6eee8ed034a2d
INFO 2020-11-29 20:24:20,821 views True 803797
INFO 2020-11-29 20:24:26,050 views password_session:333
INFO 2020-11-29 20:24:26,126 views 63a6eee8ed034a2d
INFO 2020-11-29 20:24:26,190 views True 803797
INFO 2020-11-29 20:24:37,215 views AnonymousUser
INFO 2020-11-29 20:24:37,278 views False 803797
INFO 2020-11-29 20:28:04,647 views kiillofs2пытался войти в аккаунт
INFO 2020-11-29 20:33:11,517 views password_session:88888888888888
INFO 2020-11-29 20:33:11,601 views 63a6eee8ed034a2d
INFO 2020-11-29 20:33:11,660 views True 803797
INFO 2020-11-29 20:33:20,255 views AnonymousUser
INFO 2020-11-29 20:33:20,327 views False 803797
INFO 2020-11-29 20:33:36,322 views AnonymousUser
INFO 2020-11-29 20:33:36,378 views False 803797
INFO 2020-11-29 20:33:37,009 views AnonymousUser
INFO 2020-11-29 20:33:37,066 views False 803797
INFO 2020-11-29 20:33:37,434 views AnonymousUser
INFO 2020-11-29 20:33:37,499 views False 803797
INFO 2020-11-29 20:33:37,625 views AnonymousUser
INFO 2020-11-29 20:33:37,694 views False 803797
INFO 2020-11-29 20:34:29,990 views 63a6eee8ed034a2d
INFO 2020-11-29 20:34:30,136 views True 803797
INFO 2020-11-29 20:35:53,838 views password_session:333
INFO 2020-11-29 20:35:53,989 views 63a6eee8ed034a2d
INFO 2020-11-29 20:35:54,063 views True 803797
INFO 2020-11-29 20:36:36,894 views password_session:333
INFO 2020-11-29 20:36:37,145 views 63a6eee8ed034a2d
INFO 2020-11-29 20:36:37,208 views True 803797
INFO 2020-11-29 20:36:56,196 views password_session:333
INFO 2020-11-29 20:36:56,342 views 63a6eee8ed034a2d
INFO 2020-11-29 20:36:56,404 views True 803797
INFO 2020-11-29 20:37:13,244 views 63a6eee8ed034a2d
INFO 2020-11-29 20:37:13,356 views True 803797
INFO 2020-11-29 20:37:49,231 views password_session:333
INFO 2020-11-29 20:37:49,371 views 63a6eee8ed034a2d
INFO 2020-11-29 20:37:49,442 views True 803797
INFO 2020-11-29 20:38:24,491 views password_session:222
INFO 2020-11-29 20:38:24,647 views 63a6eee8ed034a2d
INFO 2020-11-29 20:38:24,709 views True 803797
INFO 2020-11-29 20:39:36,401 views password_session:452
INFO 2020-11-29 20:39:36,541 views 63a6eee8ed034a2d
INFO 2020-11-29 20:39:36,605 views True 803797
INFO 2020-11-30 16:43:50,360 views password_session:555
INFO 2020-11-30 16:44:01,099 views password_session:222
INFO 2020-11-30 16:46:58,111 views password_session:88888888888888
INFO 2020-11-30 16:54:48,386 views password_session:555
INFO 2020-11-30 17:37:21,528 views password_session:333
INFO 2020-11-30 17:37:21,734 views 63a6eee8ed034a2d
INFO 2020-11-30 17:38:57,636 views password_session:333
INFO 2020-11-30 17:38:57,731 views 63a6eee8ed034a2d
INFO 2020-11-30 17:38:57,803 views True 312869
INFO 2020-11-30 17:43:43,680 views password_session:555
INFO 2020-11-30 17:43:43,758 views 63a6eee8ed034a2d
INFO 2020-11-30 17:43:43,825 views True 312869
INFO 2020-11-30 17:50:52,294 views password_session:333
INFO 2020-11-30 17:50:52,447 views 63a6eee8ed034a2d
INFO 2020-11-30 17:50:52,518 views True 312869
INFO 2020-11-30 17:51:04,481 views 63a6eee8ed034a2d
INFO 2020-11-30 17:51:04,558 views True 312869
INFO 2020-11-30 17:53:16,521 views password_session:452
INFO 2020-11-30 17:53:16,610 views 63a6eee8ed034a2d
INFO 2020-11-30 17:53:16,778 views True 312869
INFO 2020-11-30 19:17:14,558 views пытался войти в аккаунт
INFO 2020-11-30 19:17:20,545 views пытался войти в аккаунт
INFO 2020-11-30 19:32:12,254 views пытался войти в аккаунт
INFO 2020-11-30 19:32:31,607 views пытался войти в аккаунт
INFO 2020-12-04 16:13:05,555 views password_session:333
INFO 2020-12-04 16:13:05,634 views 63a6eee8ed034a2d
INFO 2020-12-04 16:13:05,696 views True 822401
INFO 2020-12-04 16:14:49,023 views AnonymousUser
INFO 2020-12-04 16:14:49,088 views False 822401
INFO 2020-12-04 16:15:22,763 views 63a6eee8ed034a2d
INFO 2020-12-04 16:15:22,822 views True 822401
INFO 2020-12-04 16:57:46,843 views AnonymousUser
INFO 2020-12-04 16:57:46,917 views False 822401
